::1 - - [10/Apr/2024:08:31:40 +0000] "POST /api/enrollments HTTP/1.1" 400 46 "-" "PostmanRuntime/7.37.3"
::1 - - [10/Apr/2024:08:42:13 +0000] "POST /register HTTP/1.1" 201 314 "-" "PostmanRuntime/7.37.3"
::1 - - [10/Apr/2024:08:44:12 +0000] "POST /login HTTP/1.1" 200 156 "-" "PostmanRuntime/7.37.3"
::1 - - [10/Apr/2024:08:47:57 +0000] "POST /login HTTP/1.1" 200 156 "-" "PostmanRuntime/7.37.3"
::1 - - [10/Apr/2024:08:48:40 +0000] "POST /login HTTP/1.1" 200 156 "-" "PostmanRuntime/7.37.3"
::1 - - [10/Apr/2024:08:49:33 +0000] "POST /register HTTP/1.1" 201 314 "-" "PostmanRuntime/7.37.3"
::1 - - [10/Apr/2024:10:00:47 +0000] "GET /api HTTP/1.1" 401 43 "-" "PostmanRuntime/7.37.3"
::1 - - [10/Apr/2024:10:00:54 +0000] "GET / HTTP/1.1" 200 11 "-" "PostmanRuntime/7.37.3"
::1 - - [10/Apr/2024:10:01:22 +0000] "GET / HTTP/1.1" 200 11 "-" "PostmanRuntime/7.37.3"
::1 - - [10/Apr/2024:10:01:59 +0000] "GET / HTTP/1.1" 200 11 "-" "PostmanRuntime/7.37.3"
::1 - - [10/Apr/2024:10:02:42 +0000] "POST /register HTTP/1.1" 201 314 "-" "PostmanRuntime/7.37.3"
::1 - - [10/Apr/2024:10:04:45 +0000] "POST /login HTTP/1.1" 200 156 "-" "PostmanRuntime/7.37.3"
::1 - - [10/Apr/2024:10:05:24 +0000] "GET /profile HTTP/1.1" 200 128 "-" "PostmanRuntime/7.37.3"
::1 - - [10/Apr/2024:10:09:49 +0000] "POST /profile/update HTTP/1.1" 500 43 "-" "PostmanRuntime/7.37.3"
::1 - - [10/Apr/2024:10:17:18 +0000] "POST /profile/update HTTP/1.1" 401 41 "-" "PostmanRuntime/7.37.3"
::1 - - [10/Apr/2024:10:17:59 +0000] "POST /profile/update HTTP/1.1" 500 43 "-" "PostmanRuntime/7.37.3"
::1 - - [10/Apr/2024:10:22:20 +0000] "POST /profile/update HTTP/1.1" 500 43 "-" "PostmanRuntime/7.37.3"
::1 - - [10/Apr/2024:10:22:33 +0000] "POST /profile/update HTTP/1.1" 500 43 "-" "PostmanRuntime/7.37.3"
::1 - - [10/Apr/2024:10:25:12 +0000] "POST /register HTTP/1.1" 201 314 "-" "PostmanRuntime/7.37.3"
::1 - - [10/Apr/2024:10:25:37 +0000] "POST /login HTTP/1.1" 200 156 "-" "PostmanRuntime/7.37.3"
::1 - - [10/Apr/2024:10:27:07 +0000] "POST /profile/update HTTP/1.1" 401 27 "-" "PostmanRuntime/7.37.3"
::1 - - [10/Apr/2024:10:27:17 +0000] "POST /profile/update HTTP/1.1" 401 41 "-" "PostmanRuntime/7.37.3"
::1 - - [10/Apr/2024:10:27:37 +0000] "POST /profile/update HTTP/1.1" 200 277 "-" "PostmanRuntime/7.37.3"
::1 - - [10/Apr/2024:10:33:23 +0000] "POST /profile/update HTTP/1.1" 200 361 "-" "PostmanRuntime/7.37.3"
::1 - - [10/Apr/2024:10:36:00 +0000] "PUT /api/courses/10 HTTP/1.1" 401 27 "-" "PostmanRuntime/7.37.3"
::1 - - [10/Apr/2024:10:36:36 +0000] "PUT /api/courses/10 HTTP/1.1" 403 58 "-" "PostmanRuntime/7.37.3"
::1 - - [10/Apr/2024:10:38:38 +0000] "POST /api/courses/create HTTP/1.1" 403 59 "-" "PostmanRuntime/7.37.3"
::1 - - [10/Apr/2024:10:39:32 +0000] "POST /admin HTTP/1.1" 200 47 "-" "PostmanRuntime/7.37.3"
::1 - - [10/Apr/2024:10:40:20 +0000] "POST /api/courses/create HTTP/1.1" 200 147 "-" "PostmanRuntime/7.37.3"
::1 - - [10/Apr/2024:10:42:34 +0000] "PUT /api/courses/12 HTTP/1.1" 200 140 "-" "PostmanRuntime/7.37.3"
::1 - - [10/Apr/2024:10:43:07 +0000] "POST /api/courses/create HTTP/1.1" 200 147 "-" "PostmanRuntime/7.37.3"
::1 - - [10/Apr/2024:10:43:36 +0000] "DELETE /api/courses/13?username=bitztechdev&password=bitztechdev1210 HTTP/1.1" 401 27 "-" "PostmanRuntime/7.37.3"
::1 - - [10/Apr/2024:10:43:58 +0000] "DELETE /api/courses/13?username=bitztechdev&password=bitztechdev1210 HTTP/1.1" 200 41 "-" "PostmanRuntime/7.37.3"
::1 - - [10/Apr/2024:10:44:08 +0000] "GET /api/courses/ HTTP/1.1" 200 766 "-" "PostmanRuntime/7.37.3"
::1 - - [10/Apr/2024:10:44:44 +0000] "GET /api/courses/ HTTP/1.1" 200 766 "-" "PostmanRuntime/7.37.3"
::1 - - [10/Apr/2024:10:45:20 +0000] "GET /api/courses?page=1&level=Advanced HTTP/1.1" 401 27 "-" "PostmanRuntime/7.37.3"
::1 - - [10/Apr/2024:10:45:29 +0000] "GET /api/courses?page=1&level=Advanced HTTP/1.1" 200 199 "-" "PostmanRuntime/7.37.3"
::1 - - [10/Apr/2024:10:45:46 +0000] "GET /api/courses?page=1&level=moderate HTTP/1.1" 200 346 "-" "PostmanRuntime/7.37.3"
::1 - - [10/Apr/2024:10:46:08 +0000] "GET /api/courses/course?id=10 HTTP/1.1" 401 27 "-" "PostmanRuntime/7.37.3"
::1 - - [10/Apr/2024:10:46:16 +0000] "GET /api/courses/course?id=10 HTTP/1.1" 200 153 "-" "PostmanRuntime/7.37.3"
::1 - - [10/Apr/2024:10:46:23 +0000] "GET /api/courses/course?id=7 HTTP/1.1" 200 149 "-" "PostmanRuntime/7.37.3"
::1 - - [10/Apr/2024:10:47:05 +0000] "POST /api/enrollments HTTP/1.1" 200 120 "-" "PostmanRuntime/7.37.3"
